<?xml version="1.0" encoding="UTF-8"?>
<testng-results ignored="2" total="4" passed="2" failed="0" skipped="0">
  <reporter-output>
  </reporter-output>
  <suite started-at="2024-05-30T10:26:59 IST" name="Suite" finished-at="2024-05-30T10:26:59 IST" duration-ms="39">
    <groups>
      <group name="Smoke Test">
        <method signature="CreateProductTest.createProduct()[pri:0, instance:package3.CreateProductTest@378542de]" name="createProduct" class="package3.CreateProductTest"/>
        <method signature="OrgTest.modifyOrgTest()[pri:0, instance:package2.OrgTest@3738449f]" name="modifyOrgTest" class="package2.OrgTest"/>
      </group> <!-- Smoke Test -->
    </groups>
    <test started-at="2024-05-30T10:26:59 IST" name="Test" finished-at="2024-05-30T10:26:59 IST" duration-ms="39">
      <class name="package2.OrgTest">
        <test-method signature="modifyOrgTest()[pri:0, instance:package2.OrgTest@3738449f]" started-at="2024-05-30T10:26:59 IST" name="modifyOrgTest" finished-at="2024-05-30T10:26:59 IST" duration-ms="1" status="PASS">
          <reporter-output>
          </reporter-output>
        </test-method> <!-- modifyOrgTest -->
      </class> <!-- package2.OrgTest -->
      <class name="package3.CreateProductTest">
        <test-method signature="createProduct()[pri:0, instance:package3.CreateProductTest@378542de]" started-at="2024-05-30T10:26:59 IST" name="createProduct" finished-at="2024-05-30T10:26:59 IST" duration-ms="8" status="PASS">
          <reporter-output>
          </reporter-output>
        </test-method> <!-- createProduct -->
      </class> <!-- package3.CreateProductTest -->
    </test> <!-- Test -->
  </suite> <!-- Suite -->
</testng-results>
