<?xml version="1.0" encoding="UTF-8"?>
<!-- Generated by org.testng.reporters.JUnitXMLReporter -->
<testsuite ignored="2" hostname="Arjun" failures="0" tests="2" name="Test" time="0.039" errors="0" timestamp="2024-05-30T10:26:59 IST">
  <testcase classname="package3.CreateProductTest" name="createProduct" time="0.008"/>
  <testcase classname="package2.OrgTest" name="modifyOrgTest" time="0.001"/>
  <testcase classname="package2.OrgTest" name="createOrg" time="0.0">
    <ignored/>
  </testcase> <!-- createOrg -->
  <testcase classname="package3.CreateProductTest" name="createProductWithPhnNo" time="0.0">
    <ignored/>
  </testcase> <!-- createProductWithPhnNo -->
</testsuite> <!-- Test -->
